<?xml version="1.0" encoding="UTF-8"?>
<!-- Generated by org.testng.reporters.JUnitXMLReporter -->
<testsuite ignored="0" hostname="LAPTOP-D4U54S7U" failures="0" tests="11" name="Test" time="643.608" errors="0" timestamp="2023-04-24T18:25:19 IST">
  <testcase classname="com.bestbuy.tests.ScrollUptoBootomLinkTest" name="scrollToFindElement" time="22.744"/>
  <testcase classname="com.bestbuy.tests.AllMenuTitlesTest" name="menuTitlesTest" time="38.653"/>
  <testcase classname="com.bestbuy.tests.SelectCountry_USTest" name="selectUS" time="8.479"/>
  <testcase classname="com.bestbuy.tests.AddToCart_ByDepartmentTest" name="addItemByDept" time="32.762"/>
  <testcase classname="com.bestbuy.tests.SelectCountry_CanadaTest" name="selectCanada" time="2.928"/>
  <testcase classname="com.bestbuy.tests.AddToCart_SearchBoxTest" name="addItemBySearchBox" time="36.411"/>
  <testcase classname="com.bestbuy.tests.BrokenLinkTest" name="brokenLink" time="10.313"/>
  <testcase classname="com.bestbuy.tests.CreateAccountTest" name="createAccountForBestBuy" time="15.716"/>
  <testcase classname="com.bestbuy.tests.DummyPaymentTest" name="paymentProcess" time="423.632"/>
  <testcase classname="com.bestbuy.tests.AddToCart_ByBrandTest" name="addItemByBrands" time="37.166"/>
  <testcase classname="com.bestbuy.tests.SignInForUSTest" name="signInforCountryUS" time="14.695"/>
</testsuite> <!-- Test -->
